This is pdfTeX, Version 3.1415926-1.40.10 (TeX Live 2009/Debian) (format=pdflatex 2013.1.4)  2 MAY 2013 21:47
entering extended mode
 %&-line parsing enabled.
**Assingment3_FodorGieskeRooijmans.tex
(./Assingment3_FodorGieskeRooijmans.tex
LaTeX2e <2009/09/24>
Babel <v3.8l> and hyphenation patterns for english, usenglishmax, dumylang, noh
yphenation, farsi, arabic, croatian, bulgarian, ukrainian, russian, czech, slov
ak, danish, dutch, finnish, french, basque, ngerman, german, german-x-2009-06-1
9, ngerman-x-2009-06-19, ibycus, monogreek, greek, ancientgreek, hungarian, san
skrit, italian, latin, latvian, lithuanian, mongolian2a, mongolian, bokmal, nyn
orsk, romanian, irish, coptic, serbian, turkish, welsh, esperanto, uppersorbian
, estonian, indonesian, interlingua, icelandic, kurmanji, slovenian, polish, po
rtuguese, spanish, galician, catalan, swedish, ukenglish, pinyin, loaded.
(/usr/share/texmf-texlive/tex/latex/base/article.cls
Document Class: article 2007/10/19 v1.4h Standard LaTeX document class
(/usr/share/texmf-texlive/tex/latex/base/size11.clo
File: size11.clo 2007/10/19 v1.4h Standard LaTeX file (size option)
)
\c@part=\count79
\c@section=\count80
\c@subsection=\count81
\c@subsubsection=\count82
\c@paragraph=\count83
\c@subparagraph=\count84
\c@figure=\count85
\c@table=\count86
\abovecaptionskip=\skip41
\belowcaptionskip=\skip42
\bibindent=\dimen102
)
(/usr/share/texmf-texlive/tex/latex/fullpage/fullpage.sty
Style Option FULLPAGE Version 2 as of 15 Dec 1988
) (./Assingment3_FodorGieskeRooijmans.aux)
\openout1 = `Assingment3_FodorGieskeRooijmans.aux'.

LaTeX Font Info:    Checking defaults for OML/cmm/m/it on input line 8.
LaTeX Font Info:    ... okay on input line 8.
LaTeX Font Info:    Checking defaults for T1/cmr/m/n on input line 8.
LaTeX Font Info:    ... okay on input line 8.
LaTeX Font Info:    Checking defaults for OT1/cmr/m/n on input line 8.
LaTeX Font Info:    ... okay on input line 8.
LaTeX Font Info:    Checking defaults for OMS/cmsy/m/n on input line 8.
LaTeX Font Info:    ... okay on input line 8.
LaTeX Font Info:    Checking defaults for OMX/cmex/m/n on input line 8.
LaTeX Font Info:    ... okay on input line 8.
LaTeX Font Info:    Checking defaults for U/cmr/m/n on input line 8.
LaTeX Font Info:    ... okay on input line 8.
LaTeX Font Info:    External font `cmex10' loaded for size
(Font)              <12> on input line 9.
LaTeX Font Info:    External font `cmex10' loaded for size
(Font)              <8> on input line 9.
LaTeX Font Info:    External font `cmex10' loaded for size
(Font)              <6> on input line 9.

Underfull \hbox (badness 10000) in paragraph at lines 14--15

 []


Underfull \hbox (badness 10000) in paragraph at lines 29--31

 []


Overfull \hbox (6.01772pt too wide) in paragraph at lines 75--75
 []\OT1/cmtt/m/n/10.95 remembering Your father might have asked us to dinner I 
think if he had wanted[] 
 []


Overfull \hbox (29.01247pt too wide) in paragraph at lines 75--75
 []\OT1/cmtt/m/n/10.95 Sentence 2 : There was a little awkwardness at first in 
their discourse on another[] 
 []


Overfull \hbox (23.26378pt too wide) in paragraph at lines 75--75
 []\OT1/cmtt/m/n/10.95 subject They must speak of the accident at Lyme Lady Rus
sell had not been arrived[] 
 []


Overfull \hbox (23.26378pt too wide) in paragraph at lines 75--75
 []\OT1/cmtt/m/n/10.95 five minutes the day before when a full account of the w
hole had burst on her but[] 
 []


Overfull \hbox (23.26378pt too wide) in paragraph at lines 75--75
 []\OT1/cmtt/m/n/10.95 still it must be talked of she must make enquiries she m
ust regret the imprudence[] 
 []


Overfull \hbox (23.26378pt too wide) in paragraph at lines 75--75
 []\OT1/cmtt/m/n/10.95 lament the result and Captain Wentworth's name must be m
entioned by both Anne was[] 
 []


Overfull \hbox (29.01247pt too wide) in paragraph at lines 75--75
 []\OT1/cmtt/m/n/10.95 conscious of not doing it so well as Lady Russell She co
uld not speak the name and[] 
 []


Overfull \hbox (23.26378pt too wide) in paragraph at lines 75--75
 []\OT1/cmtt/m/n/10.95 look straight forward to Lady Russell's eye till she had
 adopted the expedient of[] 
 []


Overfull \hbox (29.01247pt too wide) in paragraph at lines 75--75
 []\OT1/cmtt/m/n/10.95 telling her briefly what she thought of the attachment b
etween him and Louisa When[] 
 []


Overfull \hbox (29.01247pt too wide) in paragraph at lines 75--75
 []\OT1/cmtt/m/n/10.95 Sentence 3 : Her jealous eye was satisfied in one partic
ular Captain Wentworth was[] 
 []


Overfull \hbox (34.76115pt too wide) in paragraph at lines 75--75
 []\OT1/cmtt/m/n/10.95 addressed him once and looked at him more than once Eliz
abeth was in fact revolving[] 
 []


Overfull \hbox (29.01247pt too wide) in paragraph at lines 75--75
 []\OT1/cmtt/m/n/10.95 a great measure The sequel explained it After the waste 
of a few minutes in saying[] 
 []

[1

{/var/lib/texmf/fonts/map/pdftex/updmap/pdftex.map}]
Overfull \hbox (29.01247pt too wide) in paragraph at lines 75--75
 []\OT1/cmtt/m/n/10.95 the proper nothings she began to give the invitation whi
ch was to comprise all the[] 
 []


Overfull \hbox (23.26378pt too wide) in paragraph at lines 75--75
 []\OT1/cmtt/m/n/10.95 remaining dues of the Musgroves To morrow evening to mee
t a few friends no formal[] 
 []


Overfull \hbox (11.7664pt too wide) in paragraph at lines 75--75
 []\OT1/cmtt/m/n/10.95 party It was all said very gracefully and the cards with
 which she had provided[] 
 []


Overfull \hbox (46.25853pt too wide) in paragraph at lines 75--75
 []\OT1/cmtt/m/n/10.95 herself the Miss Elliot at home were laid on the table w
ith a courteous comprehensive[] 
 []


Overfull \hbox (17.51509pt too wide) in paragraph at lines 75--75
 []\OT1/cmtt/m/n/10.95 smile to all and one smile and one card more decidedly f
or Captain Wentworth The[] 
 []


Overfull \hbox (29.01247pt too wide) in paragraph at lines 75--75
 []\OT1/cmtt/m/n/10.95 truth was that Elizabeth had been long enough in Bath to
 understand the importance[] 
 []


Overfull \hbox (29.01247pt too wide) in paragraph at lines 75--75
 []\OT1/cmtt/m/n/10.95 of a man of such an air and appearance as his The past w
as nothing The present was[] 
 []


Overfull \hbox (0.26903pt too wide) in paragraph at lines 75--75
 []\OT1/cmtt/m/n/10.95 that Captain Wentworth would move about well in her draw
ing room The card was[] 
 []


Overfull \hbox (23.26378pt too wide) in paragraph at lines 75--75
 []\OT1/cmtt/m/n/10.95 Sentence 4 : You will stay I am sure you will stay and n
urse her cried he turning[] 
 []


Overfull \hbox (29.01247pt too wide) in paragraph at lines 75--75
 []\OT1/cmtt/m/n/10.95 to her and speaking with a glow and yet a gentleness whi
ch seemed almost restoring[] 
 []


Overfull \hbox (40.50984pt too wide) in paragraph at lines 75--75
 []\OT1/cmtt/m/n/10.95 the past She coloured deeply and he recollected himself 
and moved away She expressed[] 
 []


Overfull \hbox (34.76115pt too wide) in paragraph at lines 75--75
 []\OT1/cmtt/m/n/10.95 herself most willing ready happy to remain It was what s
he had been thinking of and[] 
 []


Overfull \hbox (34.76115pt too wide) in paragraph at lines 75--75
 []\OT1/cmtt/m/n/10.95 wishing to be allowed to do A bed on the floor in Louisa
's room would be sufficient[] 
 []


Overfull \hbox (11.7664pt too wide) in paragraph at lines 75--75
 []\OT1/cmtt/m/n/10.95 Sentence 5 : Winthrop however or its environs for young 
men are sometimes to be[] 
 []


Overfull \hbox (11.7664pt too wide) in paragraph at lines 75--75
 []\OT1/cmtt/m/n/10.95 met with strolling about near home was their destination
 and after another half[] 
 []


Overfull \hbox (23.26378pt too wide) in paragraph at lines 75--75
 []\OT1/cmtt/m/n/10.95 mile of gradual ascent through large enclosures where th
e ploughs at work and the[] 
 []


Overfull \hbox (23.26378pt too wide) in paragraph at lines 75--75
 []\OT1/cmtt/m/n/10.95 fresh made path spoke the farmer counteracting the sweet
s of poetical despondence[] 
 []


Overfull \hbox (46.25853pt too wide) in paragraph at lines 75--75
 []\OT1/cmtt/m/n/10.95 and meaning to have spring again they gained the summit 
of the most considerable hill[] 
 []


Overfull \hbox (40.50984pt too wide) in paragraph at lines 75--75
 []\OT1/cmtt/m/n/10.95 which parted Uppercross and Winthrop and soon commanded 
a full view of the latter at[] 
 []


Overfull \hbox (29.01247pt too wide) in paragraph at lines 122--122
 []\OT1/cmtt/m/n/10.95 Sentence 1 : There was a little awkwardness at first in 
their discourse on another[] 
 []


Overfull \hbox (23.26378pt too wide) in paragraph at lines 122--122
 []\OT1/cmtt/m/n/10.95 subject They must speak of the accident at Lyme Lady Rus
sell had not been arrived[] 
 []


Overfull \hbox (23.26378pt too wide) in paragraph at lines 122--122
 []\OT1/cmtt/m/n/10.95 five minutes the day before when a full account of the w
hole had burst on her but[] 
 []


Overfull \hbox (23.26378pt too wide) in paragraph at lines 122--122
 []\OT1/cmtt/m/n/10.95 still it must be talked of she must make enquiries she m
ust regret the imprudence[] 
 []


Overfull \hbox (23.26378pt too wide) in paragraph at lines 122--122
 []\OT1/cmtt/m/n/10.95 lament the result and Captain Wentworth's name must be m
entioned by both Anne was[] 
 []


Overfull \hbox (29.01247pt too wide) in paragraph at lines 122--122
 []\OT1/cmtt/m/n/10.95 conscious of not doing it so well as Lady Russell She co
uld not speak the name and[] 
 []


Overfull \hbox (23.26378pt too wide) in paragraph at lines 122--122
 []\OT1/cmtt/m/n/10.95 look straight forward to Lady Russell's eye till she had
 adopted the expedient of[] 
 []


Overfull \hbox (29.01247pt too wide) in paragraph at lines 122--122
 []\OT1/cmtt/m/n/10.95 telling her briefly what she thought of the attachment b
etween him and Louisa When[] 
 []


Overfull \hbox (29.01247pt too wide) in paragraph at lines 122--122
 []\OT1/cmtt/m/n/10.95 Sentence 2 : Her jealous eye was satisfied in one partic
ular Captain Wentworth was[] 
 []


Overfull \hbox (34.76115pt too wide) in paragraph at lines 122--122
 []\OT1/cmtt/m/n/10.95 addressed him once and looked at him more than once Eliz
abeth was in fact revolving[] 
 []


Overfull \hbox (29.01247pt too wide) in paragraph at lines 122--122
 []\OT1/cmtt/m/n/10.95 a great measure The sequel explained it After the waste 
of a few minutes in saying[] 
 []


Overfull \hbox (29.01247pt too wide) in paragraph at lines 122--122
 []\OT1/cmtt/m/n/10.95 the proper nothings she began to give the invitation whi
ch was to comprise all the[] 
 []


Overfull \hbox (23.26378pt too wide) in paragraph at lines 122--122
 []\OT1/cmtt/m/n/10.95 remaining dues of the Musgroves To morrow evening to mee
t a few friends no formal[] 
 []


Overfull \hbox (11.7664pt too wide) in paragraph at lines 122--122
 []\OT1/cmtt/m/n/10.95 party It was all said very gracefully and the cards with
 which she had provided[] 
 []


Overfull \hbox (46.25853pt too wide) in paragraph at lines 122--122
 []\OT1/cmtt/m/n/10.95 herself the Miss Elliot at home were laid on the table w
ith a courteous comprehensive[] 
 []

[2]
Overfull \hbox (17.51509pt too wide) in paragraph at lines 122--122
 []\OT1/cmtt/m/n/10.95 smile to all and one smile and one card more decidedly f
or Captain Wentworth The[] 
 []


Overfull \hbox (29.01247pt too wide) in paragraph at lines 122--122
 []\OT1/cmtt/m/n/10.95 truth was that Elizabeth had been long enough in Bath to
 understand the importance[] 
 []


Overfull \hbox (29.01247pt too wide) in paragraph at lines 122--122
 []\OT1/cmtt/m/n/10.95 of a man of such an air and appearance as his The past w
as nothing The present was[] 
 []


Overfull \hbox (0.26903pt too wide) in paragraph at lines 122--122
 []\OT1/cmtt/m/n/10.95 that Captain Wentworth would move about well in her draw
ing room The card was[] 
 []


Overfull \hbox (23.26378pt too wide) in paragraph at lines 122--122
 []\OT1/cmtt/m/n/10.95 Sentence 3 : You will stay I am sure you will stay and n
urse her cried he turning[] 
 []


Overfull \hbox (29.01247pt too wide) in paragraph at lines 122--122
 []\OT1/cmtt/m/n/10.95 to her and speaking with a glow and yet a gentleness whi
ch seemed almost restoring[] 
 []


Overfull \hbox (40.50984pt too wide) in paragraph at lines 122--122
 []\OT1/cmtt/m/n/10.95 the past She coloured deeply and he recollected himself 
and moved away She expressed[] 
 []


Overfull \hbox (34.76115pt too wide) in paragraph at lines 122--122
 []\OT1/cmtt/m/n/10.95 herself most willing ready happy to remain It was what s
he had been thinking of and[] 
 []


Overfull \hbox (34.76115pt too wide) in paragraph at lines 122--122
 []\OT1/cmtt/m/n/10.95 wishing to be allowed to do A bed on the floor in Louisa
's room would be sufficient[] 
 []


Overfull \hbox (34.76115pt too wide) in paragraph at lines 122--122
 []\OT1/cmtt/m/n/10.95 Sentence 4 : Winthrop however or its environs for young 
men are sometimes to be met[] 
 []


Overfull \hbox (34.76115pt too wide) in paragraph at lines 122--122
 []\OT1/cmtt/m/n/10.95 with strolling about near home was their destination and
 after another half mile of[] 
 []


Overfull \hbox (40.50984pt too wide) in paragraph at lines 122--122
 []\OT1/cmtt/m/n/10.95 gradual ascent through large enclosures where the plough
s at work and the fresh made[] 
 []


Overfull \hbox (46.25853pt too wide) in paragraph at lines 122--122
 []\OT1/cmtt/m/n/10.95 path spoke the farmer counteracting the sweets of poetic
al despondence and meaning to[] 
 []


Overfull \hbox (34.76115pt too wide) in paragraph at lines 122--122
 []\OT1/cmtt/m/n/10.95 have spring again they gained the summit of the most con
siderable hill which parted[] 
 []


Overfull \hbox (34.76115pt too wide) in paragraph at lines 122--122
 []\OT1/cmtt/m/n/10.95 Uppercross and Winthrop and soon commanded a full view o
f the latter at the foot of[] 
 []


Overfull \hbox (57.7559pt too wide) in paragraph at lines 122--122
 []\OT1/cmtt/m/n/10.95 Sentence 5 : The house and grounds and furniture were ap
proved the Crofts were approved[] 
 []


Overfull \hbox (40.50984pt too wide) in paragraph at lines 122--122
 []\OT1/cmtt/m/n/10.95 terms time every thing and every body was right and Mr S
hepherd's clerks were set to[] 
 []


Overfull \hbox (40.50984pt too wide) in paragraph at lines 122--122
 []\OT1/cmtt/m/n/10.95 work without there having been a single preliminary diff
erence to modify of all that[] 
 []


Overfull \hbox (29.01247pt too wide) in paragraph at lines 178--178
 []\OT1/cmtt/m/n/10.95 Sentence 1 : There was a little awkwardness at first in 
their discourse on another[] 
 []


Overfull \hbox (52.00722pt too wide) in paragraph at lines 178--178
 []\OT1/cmtt/m/n/10.95 subject They must speak of the accident at Lyme Lady Rus
sell had not been arrived five[] 
 []


Overfull \hbox (46.25853pt too wide) in paragraph at lines 178--178
 []\OT1/cmtt/m/n/10.95 minutes the day before when a full account of the whole 
had burst on her but still it[] 
 []


Overfull \hbox (34.76115pt too wide) in paragraph at lines 178--178
 []\OT1/cmtt/m/n/10.95 must be talked of she must make enquiries she must regre
t the imprudence lament the[] 
 []


Overfull \hbox (34.76115pt too wide) in paragraph at lines 178--178
 []\OT1/cmtt/m/n/10.95 result and Captain Wentworth's name must be mentioned by
 both Anne was conscious of[] 
 []


Overfull \hbox (34.76115pt too wide) in paragraph at lines 178--178
 []\OT1/cmtt/m/n/10.95 not doing it so well as Lady Russell She could not speak
 the name and look straight[] 
 []


Overfull \hbox (57.7559pt too wide) in paragraph at lines 178--178
 []\OT1/cmtt/m/n/10.95 forward to Lady Russell's eye till she had adopted the e
xpedient of telling her briefly[] 
 []


Overfull \hbox (46.25853pt too wide) in paragraph at lines 178--178
 []\OT1/cmtt/m/n/10.95 what she thought of the attachment between him and Louis
a When this was told his name[] 
 []


Overfull \hbox (29.01247pt too wide) in paragraph at lines 178--178
 []\OT1/cmtt/m/n/10.95 Sentence 2 : Her jealous eye was satisfied in one partic
ular Captain Wentworth was[] 
 []


Overfull \hbox (52.00722pt too wide) in paragraph at lines 178--178
 []\OT1/cmtt/m/n/10.95 acknowledged again by each by Elizabeth more graciously 
than before She even addressed[] 
 []


Overfull \hbox (23.26378pt too wide) in paragraph at lines 178--178
 []\OT1/cmtt/m/n/10.95 him once and looked at him more than once Elizabeth was 
in fact revolving a great[] 
 []


Overfull \hbox (46.25853pt too wide) in paragraph at lines 178--178
 []\OT1/cmtt/m/n/10.95 measure The sequel explained it After the waste of a few
 minutes in saying the proper[] 
 []


Overfull \hbox (52.00722pt too wide) in paragraph at lines 178--178
 []\OT1/cmtt/m/n/10.95 nothings she began to give the invitation which was to c
omprise all the remaining dues[] 
 []


Overfull \hbox (34.76115pt too wide) in paragraph at lines 178--178
 []\OT1/cmtt/m/n/10.95 of the Musgroves To morrow evening to meet a few friends
 no formal party It was all[] 
 []


Overfull \hbox (52.00722pt too wide) in paragraph at lines 178--178
 []\OT1/cmtt/m/n/10.95 said very gracefully and the cards with which she had pr
ovided herself the Miss Elliot[] 
 []


Overfull \hbox (63.5046pt too wide) in paragraph at lines 178--178
 []\OT1/cmtt/m/n/10.95 at home were laid on the table with a courteous comprehe
nsive smile to all and one smile[] 
 []


Overfull \hbox (57.7559pt too wide) in paragraph at lines 178--178
 []\OT1/cmtt/m/n/10.95 and one card more decidedly for Captain Wentworth The tr
uth was that Elizabeth had been[] 
 []


Overfull \hbox (57.7559pt too wide) in paragraph at lines 178--178
 []\OT1/cmtt/m/n/10.95 long enough in Bath to understand the importance of a ma
n of such an air and appearance[] 
 []

[3]
Overfull \hbox (63.5046pt too wide) in paragraph at lines 178--178
 []\OT1/cmtt/m/n/10.95 as his The past was nothing The present was that Captain
 Wentworth would move about well[] 
 []


Overfull \hbox (57.7559pt too wide) in paragraph at lines 178--178
 []\OT1/cmtt/m/n/10.95 in her drawing room The card was pointedly given and Sir
 Walter and Elizabeth arose and[] 
 []


Overfull \hbox (63.5046pt too wide) in paragraph at lines 178--178
 []\OT1/cmtt/m/n/10.95 Sentence 3 : Winthrop however or its environs for young 
men are sometimes to be met with[] 
 []


Overfull \hbox (52.00722pt too wide) in paragraph at lines 178--178
 []\OT1/cmtt/m/n/10.95 strolling about near home was their destination and afte
r another half mile of gradual[] 
 []


Overfull \hbox (57.7559pt too wide) in paragraph at lines 178--178
 []\OT1/cmtt/m/n/10.95 ascent through large enclosures where the ploughs at wor
k and the fresh made path spoke[] 
 []


Overfull \hbox (52.00722pt too wide) in paragraph at lines 178--178
 []\OT1/cmtt/m/n/10.95 the farmer counteracting the sweets of poetical desponde
nce and meaning to have spring[] 
 []


Overfull \hbox (52.00722pt too wide) in paragraph at lines 178--178
 []\OT1/cmtt/m/n/10.95 again they gained the summit of the most considerable hi
ll which parted Uppercross and[] 
 []


Overfull \hbox (40.50984pt too wide) in paragraph at lines 178--178
 []\OT1/cmtt/m/n/10.95 Winthrop and soon commanded a full view of the latter at
 the foot of the hill on the[] 
 []


Overfull \hbox (57.7559pt too wide) in paragraph at lines 178--178
 []\OT1/cmtt/m/n/10.95 Sentence 4 : Are you serious cried Mary her eyes brighte
ning Dear me that's a very good[] 
 []


Overfull \hbox (52.00722pt too wide) in paragraph at lines 178--178
 []\OT1/cmtt/m/n/10.95 thought very good indeed To be sure I may just as well g
o as not for I am of no use at[] 
 []


Overfull \hbox (57.7559pt too wide) in paragraph at lines 178--178
 []\OT1/cmtt/m/n/10.95 home am I and it only harasses me You who have not a mot
her's feelings are a great deal[] 
 []


Overfull \hbox (46.25853pt too wide) in paragraph at lines 178--178
 []\OT1/cmtt/m/n/10.95 the properest person You can make little Charles do anyt
hing he always minds you at a[] 
 []


Overfull \hbox (17.51509pt too wide) in paragraph at lines 178--178
 []\OT1/cmtt/m/n/10.95 word It will be a great deal better than leaving him onl
y with Jemima Oh I shall[] 
 []


Overfull \hbox (23.26378pt too wide) in paragraph at lines 178--178
 []\OT1/cmtt/m/n/10.95 certainly go I am sure I ought if I can quite as much as
 Charles for they want me[] 
 []


Overfull \hbox (40.50984pt too wide) in paragraph at lines 178--178
 []\OT1/cmtt/m/n/10.95 excessively to be acquainted with Captain Wentworth and 
I know you do not mind being[] 
 []


Overfull \hbox (11.7664pt too wide) in paragraph at lines 178--178
 []\OT1/cmtt/m/n/10.95 left alone An excellent thought of yours indeed Anne I w
ill go and tell Charles[] 
 []


Overfull \hbox (34.76115pt too wide) in paragraph at lines 178--178
 []\OT1/cmtt/m/n/10.95 I should not go you may be sure if I did not feel quite 
at ease about my dear child[] 
 []


Overfull \hbox (57.7559pt too wide) in paragraph at lines 178--178
 []\OT1/cmtt/m/n/10.95 Sentence 5 : Mr Shepherd was eloquent on the subject poi
nting out all the circumstances[] 
 []


Overfull \hbox (63.5046pt too wide) in paragraph at lines 178--178
 []\OT1/cmtt/m/n/10.95 of the Admiral's family which made him peculiarly desira
ble as a tenant He was a married[] 
 []


Overfull \hbox (46.25853pt too wide) in paragraph at lines 178--178
 []\OT1/cmtt/m/n/10.95 man and without children the very state to be wished for
 A house was never taken good[] 
 []


Overfull \hbox (57.7559pt too wide) in paragraph at lines 178--178
 []\OT1/cmtt/m/n/10.95 care of Mr Shepherd observed without a lady he did not k
now whether furniture might not[] 
 []


Overfull \hbox (29.01247pt too wide) in paragraph at lines 178--178
 []\OT1/cmtt/m/n/10.95 be in danger of suffering as much where there was no lad
y as where there were many[] 
 []

[4] (./Assingment3_FodorGieskeRooijmans.aux) ) 
Here is how much of TeX's memory you used:
 241 strings out of 493848
 2934 string characters out of 1152824
 55808 words of memory out of 3000000
 3585 multiletter control sequences out of 15000+50000
 8402 words of font info for 30 fonts, out of 3000000 for 9000
 714 hyphenation exceptions out of 8191
 21i,6n,19p,184b,325s stack positions out of 5000i,500n,10000p,200000b,50000s
</usr/share/texmf-texlive/fonts/t
ype1/public/amsfonts/cm/cmbx10.pfb></usr/share/texmf-texlive/fonts/type1/public
/amsfonts/cm/cmbx12.pfb></usr/share/texmf-texlive/fonts/type1/public/amsfonts/c
m/cmr10.pfb></usr/share/texmf-texlive/fonts/type1/public/amsfonts/cm/cmr12.pfb>
</usr/share/texmf-texlive/fonts/type1/public/amsfonts/cm/cmr17.pfb></usr/share/
texmf-texlive/fonts/type1/public/amsfonts/cm/cmti10.pfb></usr/share/texmf-texli
ve/fonts/type1/public/amsfonts/cm/cmtt10.pfb>
Output written on Assingment3_FodorGieskeRooijmans.pdf (4 pages, 98642 bytes).
PDF statistics:
 43 PDF objects out of 1000 (max. 8388607)
 0 named destinations out of 1000 (max. 500000)
 1 words of extra memory for PDF output out of 10000 (max. 10000000)

